Old tariff ID: 1 -> New Internet tariff created: 139 
-------------------------------------------------------------------------------------------------------
Old servise ID: 589 -> New internet service created: ID  
Old servise ID: 590 -> New internet service created: ID  
Old servise ID: 591 -> New internet service created: ID  
Old servise ID: 601 -> New internet service created: ID  
Old servise ID: 680 -> New internet service created: ID  
Old servise ID: 682 -> New internet service created: ID  
Old servise ID: 698 -> New internet service created: ID  
Old servise ID: 706 -> New internet service created: ID  
Old servise ID: 708 -> New internet service created: ID  
Old servise ID: 723 -> New internet service created: ID  
Old servise ID: 926 -> New internet service created: ID  
Old servise ID: 927 -> New internet service created: ID  
Old servise ID: 928 -> New internet service created: ID  
Old servise ID: 929 -> New internet service created: ID  
Old servise ID: 930 -> New internet service created: ID  
Old servise ID: 932 -> New internet service created: ID  
Old servise ID: 933 -> New internet service created: ID  
Old servise ID: 934 -> New internet service created: ID  
Old servise ID: 936 -> New internet service created: ID  
Old servise ID: 937 -> New internet service created: ID  
Old servise ID: 938 -> New internet service created: ID  
Old servise ID: 939 -> New internet service created: ID  
Old servise ID: 940 -> New internet service created: ID  
Old servise ID: 941 -> New internet service created: ID  
Old servise ID: 942 -> New internet service created: ID  
Old servise ID: 943 -> New internet service created: ID  
Old servise ID: 945 -> New internet service created: ID  
Old servise ID: 946 -> New internet service created: ID  
Old servise ID: 947 -> New internet service created: ID  
Old servise ID: 948 -> New internet service created: ID  
Old servise ID: 949 -> New internet service created: ID  
Old servise ID: 950 -> New internet service created: ID  
Old servise ID: 951 -> New internet service created: ID  
Old servise ID: 952 -> New internet service created: ID  
Old servise ID: 953 -> New internet service created: ID  
Old servise ID: 954 -> New internet service created: ID  
Old servise ID: 955 -> New internet service created: ID  
Old servise ID: 957 -> New internet service created: ID  
Old servise ID: 959 -> New internet service created: ID  
Old servise ID: 960 -> New internet service created: ID  
Old servise ID: 961 -> New internet service created: ID  
Old servise ID: 962 -> New internet service created: ID  
Old servise ID: 963 -> New internet service created: ID  
Old servise ID: 964 -> New internet service created: ID  
Old servise ID: 965 -> New internet service created: ID  
Old servise ID: 966 -> New internet service created: ID  
Old servise ID: 967 -> New internet service created: ID  
Old servise ID: 968 -> New internet service created: ID  
Old servise ID: 969 -> New internet service created: ID  
Old servise ID: 970 -> New internet service created: ID  
Old servise ID: 971 -> New internet service created: ID  
Old servise ID: 972 -> New internet service created: ID  
Old servise ID: 973 -> New internet service created: ID  
Old servise ID: 974 -> New internet service created: ID  
Old servise ID: 975 -> New internet service created: ID  
Old servise ID: 976 -> New internet service created: ID  
Old servise ID: 977 -> New internet service created: ID  
Old servise ID: 978 -> New internet service created: ID  
Old servise ID: 979 -> New internet service created: ID  
Old servise ID: 980 -> New internet service created: ID  
Old servise ID: 981 -> New internet service created: ID  
Old servise ID: 982 -> New internet service created: ID  
Old servise ID: 983 -> New internet service created: ID  
Old servise ID: 984 -> New internet service created: ID  
Old servise ID: 985 -> New internet service created: ID  
Old servise ID: 986 -> New internet service created: ID  
Old servise ID: 987 -> New internet service created: ID  
Old servise ID: 988 -> New internet service created: ID  
Old servise ID: 989 -> New internet service created: ID  
Old servise ID: 990 -> New internet service created: ID  
Old servise ID: 991 -> New internet service created: ID  
Old servise ID: 992 -> New internet service created: ID  
Old servise ID: 993 -> New internet service created: ID  
Old servise ID: 994 -> New internet service created: ID  
Old servise ID: 1139 -> New Internet service creating ERROR: Array
(
    [0] => Array
        (
            [field] => customer_id
            [is_additional_attribute] => 
            [message] => Customer is not active
        )

)

Old servise ID: 1147 -> New internet service created: ID  
Old servise ID: 1164 -> New internet service created: ID  
Old servise ID: 1165 -> New internet service created: ID  
Old servise ID: 1181 -> New internet service created: ID  
Old servise ID: 1182 -> New internet service created: ID  
Old servise ID: 1184 -> New internet service created: ID  
Old servise ID: 1185 -> New internet service created: ID  
Old servise ID: 1186 -> New internet service created: ID  
Old servise ID: 1187 -> New internet service created: ID  
Old servise ID: 1218 -> New Internet service creating ERROR: Array
(
    [0] => Array
        (
            [field] => targetDate
            [is_additional_attribute] => 
            [message] => Service price or discount were changed. Unable to make refund. You can change tariff from 2026-03-01.
        )

)

Old servise ID: 1219 -> New Internet service creating ERROR: Array
(
    [0] => Array
        (
            [field] => targetDate
            [is_additional_attribute] => 
            [message] => Service price or discount were changed. Unable to make refund. You can change tariff from 2026-03-01.
        )

)

Old servise ID: 1222 -> New internet service created: ID  
Old servise ID: 1241 -> New internet service created: ID  
-------------------------------------------------------------------------------------------------------


Old tariff ID: 2 -> New Internet tariff created: 140 
-------------------------------------------------------------------------------------------------------
Old servise ID: 584 -> New internet service created: ID  
Old servise ID: 608 -> New internet service created: ID  
Old servise ID: 674 -> New internet service created: ID  
Old servise ID: 710 -> New internet service created: ID  
Old servise ID: 1180 -> New internet service created: ID  
Old servise ID: 1196 -> New internet service created: ID  
Old servise ID: 1240 -> New internet service created: ID  
Old servise ID: 1243 -> New internet service created: ID  
-------------------------------------------------------------------------------------------------------


Old tariff ID: 4 -> New Internet tariff created: 141 
-------------------------------------------------------------------------------------------------------
-------------------------------------------------------------------------------------------------------


Old tariff ID: 5 -> New Internet tariff created: 142 
-------------------------------------------------------------------------------------------------------
Old servise ID: 312 -> New Internet service creating ERROR: Array
(
    [error] => Array
        (
            [code] => 404
            [internal_code] => NOT_FOUND
            [message] => Customer not found!
        )

)

Old servise ID: 369 -> New Internet service creating ERROR: Array
(
    [error] => Array
        (
            [code] => 404
            [internal_code] => NOT_FOUND
            [message] => Customer not found!
        )

)

Old servise ID: 382 -> New Internet service creating ERROR: Array
(
    [error] => Array
        (
            [code] => 404
            [internal_code] => NOT_FOUND
            [message] => Customer not found!
        )

)

Old servise ID: 385 -> New Internet service creating ERROR: Array
(
    [error] => Array
        (
            [code] => 404
            [internal_code] => NOT_FOUND
            [message] => Customer not found!
        )

)

Old servise ID: 387 -> New Internet service creating ERROR: Array
(
    [error] => Array
        (
            [code] => 404
            [internal_code] => NOT_FOUND
            [message] => Customer not found!
        )

)

-------------------------------------------------------------------------------------------------------


Old tariff ID: 6 -> New Internet tariff created: 143 
-------------------------------------------------------------------------------------------------------
Old servise ID: 356 -> New Internet service creating ERROR: Array
(
    [error] => Array
        (
            [code] => 404
            [internal_code] => NOT_FOUND
            [message] => Customer not found!
        )

)

Old servise ID: 373 -> New Internet service creating ERROR: Array
(
    [error] => Array
        (
            [code] => 404
            [internal_code] => NOT_FOUND
            [message] => Customer not found!
        )

)

Old servise ID: 388 -> New Internet service creating ERROR: Array
(
    [error] => Array
        (
            [code] => 404
            [internal_code] => NOT_FOUND
            [message] => Customer not found!
        )

)

Old servise ID: 397 -> New Internet service creating ERROR: Array
(
    [error] => Array
        (
            [code] => 404
            [internal_code] => NOT_FOUND
            [message] => Customer not found!
        )

)

Old servise ID: 398 -> New Internet service creating ERROR: Array
(
    [error] => Array
        (
            [code] => 404
            [internal_code] => NOT_FOUND
            [message] => Customer not found!
        )

)

Old servise ID: 408 -> New Internet service creating ERROR: Array
(
    [error] => Array
        (
            [code] => 404
            [internal_code] => NOT_FOUND
            [message] => Customer not found!
        )

)

Old servise ID: 1198 -> New internet service created: ID  
-------------------------------------------------------------------------------------------------------


Old tariff ID: 7 -> New Internet tariff created: 144 
-------------------------------------------------------------------------------------------------------
Old servise ID: 1215 -> New internet service created: ID  
Old servise ID: 1228 -> New internet service created: ID  
-------------------------------------------------------------------------------------------------------


Old tariff ID: 8 -> New Internet tariff created: 145 
-------------------------------------------------------------------------------------------------------
Old servise ID: 340 -> New Internet service creating ERROR: Array
(
    [error] => Array
        (
            [code] => 404
            [internal_code] => NOT_FOUND
            [message] => Customer not found!
        )

)

Old servise ID: 352 -> New Internet service creating ERROR: Array
(
    [error] => Array
        (
            [code] => 404
            [internal_code] => NOT_FOUND
            [message] => Customer not found!
        )

)

Old servise ID: 355 -> New Internet service creating ERROR: Array
(
    [error] => Array
        (
            [code] => 404
            [internal_code] => NOT_FOUND
            [message] => Customer not found!
        )

)

Old servise ID: 371 -> New Internet service creating ERROR: Array
(
    [error] => Array
        (
            [code] => 404
            [internal_code] => NOT_FOUND
            [message] => Customer not found!
        )

)

Old servise ID: 697 -> New internet service created: ID  
Old servise ID: 730 -> New internet service created: ID  
Old servise ID: 731 -> New internet service created: ID  
Old servise ID: 1173 -> New internet service created: ID  
Old servise ID: 1211 -> New internet service created: ID  
-------------------------------------------------------------------------------------------------------


Old tariff ID: 9 -> New Internet tariff created: 146 
-------------------------------------------------------------------------------------------------------
-------------------------------------------------------------------------------------------------------


Old tariff ID: 10 -> New Internet tariff created: 147 
-------------------------------------------------------------------------------------------------------
Old servise ID: 364 -> New Internet service creating ERROR: Array
(
    [error] => Array
        (
            [code] => 404
            [internal_code] => NOT_FOUND
            [message] => Customer not found!
        )

)

Old servise ID: 411 -> New Internet service creating ERROR: Array
(
    [error] => Array
        (
            [code] => 404
            [internal_code] => NOT_FOUND
            [message] => Customer not found!
        )

)

Old servise ID: 1212 -> New Internet service creating ERROR: 
-------------------------------------------------------------------------------------------------------


Old tariff ID: 12 -> New Internet tariff creating ERROR: 
-------------------------------------------------------------------------------------------------------
-------------------------------------------------------------------------------------------------------


Old tariff ID: 13 -> New Internet tariff creating ERROR: 
-------------------------------------------------------------------------------------------------------
-------------------------------------------------------------------------------------------------------


Old tariff ID: 14 -> New Internet tariff creating ERROR: 
-------------------------------------------------------------------------------------------------------
-------------------------------------------------------------------------------------------------------


Old tariff ID: 15 -> New Internet tariff creating ERROR: 
-------------------------------------------------------------------------------------------------------
-------------------------------------------------------------------------------------------------------


Old tariff ID: 16 -> New Internet tariff creating ERROR: 
-------------------------------------------------------------------------------------------------------
-------------------------------------------------------------------------------------------------------


Old tariff ID: 17 -> New Internet tariff creating ERROR: 
-------------------------------------------------------------------------------------------------------
-------------------------------------------------------------------------------------------------------


Old tariff ID: 18 -> New Internet tariff creating ERROR: 
-------------------------------------------------------------------------------------------------------
-------------------------------------------------------------------------------------------------------


Old tariff ID: 19 -> New Internet tariff creating ERROR: 
-------------------------------------------------------------------------------------------------------
-------------------------------------------------------------------------------------------------------


Old tariff ID: 20 -> New Internet tariff creating ERROR: 
-------------------------------------------------------------------------------------------------------
Old servise ID: 323 -> New Internet service creating ERROR: Array
(
    [error] => Array
        (
            [code] => 404
            [internal_code] => NOT_FOUND
            [message] => Customer not found!
        )

)

Old servise ID: 325 -> New Internet service creating ERROR: Array
(
    [error] => Array
        (
            [code] => 404
            [internal_code] => NOT_FOUND
            [message] => Customer not found!
        )

)

Old servise ID: 363 -> New Internet service creating ERROR: Array
(
    [error] => Array
        (
            [code] => 404
            [internal_code] => NOT_FOUND
            [message] => Customer not found!
        )

)

-------------------------------------------------------------------------------------------------------


Old tariff ID: 21 -> New Internet tariff created: 148 
-------------------------------------------------------------------------------------------------------
-------------------------------------------------------------------------------------------------------


Old tariff ID: 23 -> New Internet tariff created: 149 
-------------------------------------------------------------------------------------------------------
-------------------------------------------------------------------------------------------------------


Old tariff ID: 24 -> New Internet tariff created: 150 
-------------------------------------------------------------------------------------------------------
Old servise ID: 715 -> New internet service created: ID  
Old servise ID: 1220 -> New internet service created: ID  
-------------------------------------------------------------------------------------------------------


Old tariff ID: 25 -> New Internet tariff created: 151 
-------------------------------------------------------------------------------------------------------
Old servise ID: 746 -> New internet service created: ID  
-------------------------------------------------------------------------------------------------------


Old tariff ID: 26 -> New Internet tariff created: 152 
-------------------------------------------------------------------------------------------------------
-------------------------------------------------------------------------------------------------------


Old tariff ID: 27 -> New Internet tariff creating ERROR: Array
(
    [0] => Array
        (
            [field] => partners_ids
            [is_additional_attribute] => 
            [message] => Partners is required
        )

)

-------------------------------------------------------------------------------------------------------
-------------------------------------------------------------------------------------------------------


Old tariff ID: 28 -> New Internet tariff creating ERROR: Array
(
    [0] => Array
        (
            [field] => partners_ids
            [is_additional_attribute] => 
            [message] => Partners is required
        )

)

-------------------------------------------------------------------------------------------------------
-------------------------------------------------------------------------------------------------------


Old tariff ID: 29 -> New Internet tariff creating ERROR: Array
(
    [0] => Array
        (
            [field] => partners_ids
            [is_additional_attribute] => 
            [message] => Partners is required
        )

)

-------------------------------------------------------------------------------------------------------
-------------------------------------------------------------------------------------------------------


Old tariff ID: 30 -> New Internet tariff creating ERROR: Array
(
    [0] => Array
        (
            [field] => partners_ids
            [is_additional_attribute] => 
            [message] => Partners is required
        )

)

-------------------------------------------------------------------------------------------------------
-------------------------------------------------------------------------------------------------------


Old tariff ID: 31 -> New Internet tariff creating ERROR: Array
(
    [0] => Array
        (
            [field] => partners_ids
            [is_additional_attribute] => 
            [message] => Partners is required
        )

)

-------------------------------------------------------------------------------------------------------
-------------------------------------------------------------------------------------------------------


Old tariff ID: 32 -> New Internet tariff creating ERROR: Array
(
    [0] => Array
        (
            [field] => partners_ids
            [is_additional_attribute] => 
            [message] => Partners is required
        )

)

-------------------------------------------------------------------------------------------------------
-------------------------------------------------------------------------------------------------------


Old tariff ID: 33 -> New Internet tariff creating ERROR: Array
(
    [0] => Array
        (
            [field] => partners_ids
            [is_additional_attribute] => 
            [message] => Partners is required
        )

)

-------------------------------------------------------------------------------------------------------
-------------------------------------------------------------------------------------------------------


Old tariff ID: 34 -> New Internet tariff creating ERROR: Array
(
    [0] => Array
        (
            [field] => partners_ids
            [is_additional_attribute] => 
            [message] => Partners is required
        )

)

-------------------------------------------------------------------------------------------------------
-------------------------------------------------------------------------------------------------------


Old tariff ID: 35 -> New Internet tariff creating ERROR: Array
(
    [0] => Array
        (
            [field] => partners_ids
            [is_additional_attribute] => 
            [message] => Partners is required
        )

)

-------------------------------------------------------------------------------------------------------
-------------------------------------------------------------------------------------------------------


Old tariff ID: 36 -> New Internet tariff creating ERROR: Array
(
    [0] => Array
        (
            [field] => partners_ids
            [is_additional_attribute] => 
            [message] => Partners is required
        )

)

-------------------------------------------------------------------------------------------------------
-------------------------------------------------------------------------------------------------------


Old tariff ID: 38 -> New Internet tariff creating ERROR: Array
(
    [0] => Array
        (
            [field] => partners_ids
            [is_additional_attribute] => 
            [message] => Partners is required
        )

)

-------------------------------------------------------------------------------------------------------
-------------------------------------------------------------------------------------------------------


Old tariff ID: 39 -> New Internet tariff creating ERROR: Array
(
    [0] => Array
        (
            [field] => partners_ids
            [is_additional_attribute] => 
            [message] => Partners is required
        )

)

-------------------------------------------------------------------------------------------------------
-------------------------------------------------------------------------------------------------------


Old tariff ID: 40 -> New Internet tariff creating ERROR: Array
(
    [0] => Array
        (
            [field] => partners_ids
            [is_additional_attribute] => 
            [message] => Partners is required
        )

)

-------------------------------------------------------------------------------------------------------
-------------------------------------------------------------------------------------------------------


Old tariff ID: 41 -> New Internet tariff creating ERROR: Array
(
    [0] => Array
        (
            [field] => partners_ids
            [is_additional_attribute] => 
            [message] => Partners is required
        )

)

-------------------------------------------------------------------------------------------------------
-------------------------------------------------------------------------------------------------------


Old tariff ID: 42 -> New Internet tariff creating ERROR: Array
(
    [0] => Array
        (
            [field] => partners_ids
            [is_additional_attribute] => 
            [message] => Partners is required
        )

)

-------------------------------------------------------------------------------------------------------
-------------------------------------------------------------------------------------------------------


Old tariff ID: 43 -> New Internet tariff creating ERROR: Array
(
    [0] => Array
        (
            [field] => partners_ids
            [is_additional_attribute] => 
            [message] => Partners is required
        )

)

-------------------------------------------------------------------------------------------------------
-------------------------------------------------------------------------------------------------------


Old tariff ID: 44 -> New Internet tariff creating ERROR: Array
(
    [0] => Array
        (
            [field] => partners_ids
            [is_additional_attribute] => 
            [message] => Partners is required
        )

)

-------------------------------------------------------------------------------------------------------
-------------------------------------------------------------------------------------------------------


Old tariff ID: 45 -> New Internet tariff creating ERROR: Array
(
    [0] => Array
        (
            [field] => partners_ids
            [is_additional_attribute] => 
            [message] => Partners is required
        )

)

-------------------------------------------------------------------------------------------------------
-------------------------------------------------------------------------------------------------------


Old tariff ID: 46 -> New Internet tariff creating ERROR: Array
(
    [0] => Array
        (
            [field] => partners_ids
            [is_additional_attribute] => 
            [message] => Partners is required
        )

)

-------------------------------------------------------------------------------------------------------
-------------------------------------------------------------------------------------------------------


Old tariff ID: 47 -> New Internet tariff creating ERROR: Array
(
    [0] => Array
        (
            [field] => partners_ids
            [is_additional_attribute] => 
            [message] => Partners is required
        )

)

-------------------------------------------------------------------------------------------------------
-------------------------------------------------------------------------------------------------------


Old tariff ID: 48 -> New Internet tariff creating ERROR: Array
(
    [0] => Array
        (
            [field] => partners_ids
            [is_additional_attribute] => 
            [message] => Partners is required
        )

)

-------------------------------------------------------------------------------------------------------
-------------------------------------------------------------------------------------------------------


Old tariff ID: 49 -> New Internet tariff creating ERROR: Array
(
    [0] => Array
        (
            [field] => partners_ids
            [is_additional_attribute] => 
            [message] => Partners is required
        )

)

-------------------------------------------------------------------------------------------------------
-------------------------------------------------------------------------------------------------------


Old tariff ID: 50 -> New Internet tariff creating ERROR: Array
(
    [0] => Array
        (
            [field] => partners_ids
            [is_additional_attribute] => 
            [message] => Partners is required
        )

)

-------------------------------------------------------------------------------------------------------
-------------------------------------------------------------------------------------------------------


Old tariff ID: 51 -> New Internet tariff creating ERROR: Array
(
    [0] => Array
        (
            [field] => partners_ids
            [is_additional_attribute] => 
            [message] => Partners is required
        )

)

-------------------------------------------------------------------------------------------------------
-------------------------------------------------------------------------------------------------------


Old tariff ID: 52 -> New Internet tariff creating ERROR: Array
(
    [0] => Array
        (
            [field] => partners_ids
            [is_additional_attribute] => 
            [message] => Partners is required
        )

)

-------------------------------------------------------------------------------------------------------
-------------------------------------------------------------------------------------------------------


Old tariff ID: 53 -> New Internet tariff creating ERROR: Array
(
    [0] => Array
        (
            [field] => partners_ids
            [is_additional_attribute] => 
            [message] => Partners is required
        )

)

-------------------------------------------------------------------------------------------------------
-------------------------------------------------------------------------------------------------------


Old tariff ID: 54 -> New Internet tariff creating ERROR: Array
(
    [0] => Array
        (
            [field] => partners_ids
            [is_additional_attribute] => 
            [message] => Partners is required
        )

)

-------------------------------------------------------------------------------------------------------
-------------------------------------------------------------------------------------------------------


Old tariff ID: 55 -> New Internet tariff creating ERROR: Array
(
    [0] => Array
        (
            [field] => partners_ids
            [is_additional_attribute] => 
            [message] => Partners is required
        )

)

-------------------------------------------------------------------------------------------------------
-------------------------------------------------------------------------------------------------------


Old tariff ID: 56 -> New Internet tariff creating ERROR: Array
(
    [0] => Array
        (
            [field] => partners_ids
            [is_additional_attribute] => 
            [message] => Partners is required
        )

)

-------------------------------------------------------------------------------------------------------
-------------------------------------------------------------------------------------------------------


Old tariff ID: 57 -> New Internet tariff creating ERROR: Array
(
    [0] => Array
        (
            [field] => partners_ids
            [is_additional_attribute] => 
            [message] => Partners is required
        )

)

-------------------------------------------------------------------------------------------------------
-------------------------------------------------------------------------------------------------------


Old tariff ID: 58 -> New Internet tariff creating ERROR: Array
(
    [0] => Array
        (
            [field] => partners_ids
            [is_additional_attribute] => 
            [message] => Partners is required
        )

)

-------------------------------------------------------------------------------------------------------
-------------------------------------------------------------------------------------------------------


Old tariff ID: 59 -> New Internet tariff creating ERROR: Array
(
    [0] => Array
        (
            [field] => partners_ids
            [is_additional_attribute] => 
            [message] => Partners is required
        )

)

-------------------------------------------------------------------------------------------------------
-------------------------------------------------------------------------------------------------------


Old tariff ID: 60 -> New Internet tariff creating ERROR: Array
(
    [0] => Array
        (
            [field] => partners_ids
            [is_additional_attribute] => 
            [message] => Partners is required
        )

)

-------------------------------------------------------------------------------------------------------
-------------------------------------------------------------------------------------------------------


Old tariff ID: 61 -> New Internet tariff creating ERROR: Array
(
    [0] => Array
        (
            [field] => partners_ids
            [is_additional_attribute] => 
            [message] => Partners is required
        )

)

-------------------------------------------------------------------------------------------------------
-------------------------------------------------------------------------------------------------------


Old tariff ID: 62 -> New Internet tariff creating ERROR: Array
(
    [0] => Array
        (
            [field] => partners_ids
            [is_additional_attribute] => 
            [message] => Partners is required
        )

)

-------------------------------------------------------------------------------------------------------
-------------------------------------------------------------------------------------------------------


Old tariff ID: 64 -> New Internet tariff creating ERROR: Array
(
    [0] => Array
        (
            [field] => partners_ids
            [is_additional_attribute] => 
            [message] => Partners is required
        )

)

-------------------------------------------------------------------------------------------------------
-------------------------------------------------------------------------------------------------------


Old tariff ID: 65 -> New Internet tariff creating ERROR: Array
(
    [0] => Array
        (
            [field] => partners_ids
            [is_additional_attribute] => 
            [message] => Partners is required
        )

)

-------------------------------------------------------------------------------------------------------
-------------------------------------------------------------------------------------------------------


Old tariff ID: 66 -> New Internet tariff creating ERROR: Array
(
    [0] => Array
        (
            [field] => partners_ids
            [is_additional_attribute] => 
            [message] => Partners is required
        )

)

-------------------------------------------------------------------------------------------------------
-------------------------------------------------------------------------------------------------------


Old tariff ID: 67 -> New Internet tariff creating ERROR: Array
(
    [0] => Array
        (
            [field] => partners_ids
            [is_additional_attribute] => 
            [message] => Partners is required
        )

)

-------------------------------------------------------------------------------------------------------
-------------------------------------------------------------------------------------------------------


Old tariff ID: 68 -> New Internet tariff creating ERROR: Array
(
    [0] => Array
        (
            [field] => partners_ids
            [is_additional_attribute] => 
            [message] => Partners is required
        )

)

-------------------------------------------------------------------------------------------------------
-------------------------------------------------------------------------------------------------------


Old tariff ID: 69 -> New Internet tariff creating ERROR: Array
(
    [0] => Array
        (
            [field] => partners_ids
            [is_additional_attribute] => 
            [message] => Partners is required
        )

)

-------------------------------------------------------------------------------------------------------
-------------------------------------------------------------------------------------------------------


Old tariff ID: 70 -> New Internet tariff creating ERROR: Array
(
    [0] => Array
        (
            [field] => partners_ids
            [is_additional_attribute] => 
            [message] => Partners is required
        )

)

-------------------------------------------------------------------------------------------------------
-------------------------------------------------------------------------------------------------------


Old tariff ID: 71 -> New Internet tariff creating ERROR: Array
(
    [0] => Array
        (
            [field] => partners_ids
            [is_additional_attribute] => 
            [message] => Partners is required
        )

)

-------------------------------------------------------------------------------------------------------
-------------------------------------------------------------------------------------------------------


Old tariff ID: 72 -> New Internet tariff creating ERROR: Array
(
    [0] => Array
        (
            [field] => partners_ids
            [is_additional_attribute] => 
            [message] => Partners is required
        )

)

-------------------------------------------------------------------------------------------------------
-------------------------------------------------------------------------------------------------------


Old tariff ID: 73 -> New Internet tariff creating ERROR: Array
(
    [0] => Array
        (
            [field] => partners_ids
            [is_additional_attribute] => 
            [message] => Partners is required
        )

)

-------------------------------------------------------------------------------------------------------
-------------------------------------------------------------------------------------------------------


Old tariff ID: 74 -> New Internet tariff creating ERROR: Array
(
    [0] => Array
        (
            [field] => partners_ids
            [is_additional_attribute] => 
            [message] => Partners is required
        )

)

-------------------------------------------------------------------------------------------------------
-------------------------------------------------------------------------------------------------------


Old tariff ID: 75 -> New Internet tariff creating ERROR: Array
(
    [0] => Array
        (
            [field] => partners_ids
            [is_additional_attribute] => 
            [message] => Partners is required
        )

)

-------------------------------------------------------------------------------------------------------
-------------------------------------------------------------------------------------------------------


Old tariff ID: 76 -> New Internet tariff creating ERROR: Array
(
    [0] => Array
        (
            [field] => partners_ids
            [is_additional_attribute] => 
            [message] => Partners is required
        )

)

-------------------------------------------------------------------------------------------------------
-------------------------------------------------------------------------------------------------------


Old tariff ID: 77 -> New Internet tariff creating ERROR: Array
(
    [0] => Array
        (
            [field] => partners_ids
            [is_additional_attribute] => 
            [message] => Partners is required
        )

)

-------------------------------------------------------------------------------------------------------
-------------------------------------------------------------------------------------------------------


Old tariff ID: 78 -> New Internet tariff creating ERROR: Array
(
    [0] => Array
        (
            [field] => partners_ids
            [is_additional_attribute] => 
            [message] => Partners is required
        )

)

-------------------------------------------------------------------------------------------------------
-------------------------------------------------------------------------------------------------------


Old tariff ID: 79 -> New Internet tariff creating ERROR: Array
(
    [0] => Array
        (
            [field] => partners_ids
            [is_additional_attribute] => 
            [message] => Partners is required
        )

)

-------------------------------------------------------------------------------------------------------
-------------------------------------------------------------------------------------------------------


Old tariff ID: 80 -> New Internet tariff creating ERROR: Array
(
    [0] => Array
        (
            [field] => partners_ids
            [is_additional_attribute] => 
            [message] => Partners is required
        )

)

-------------------------------------------------------------------------------------------------------
-------------------------------------------------------------------------------------------------------


Old tariff ID: 81 -> New Internet tariff creating ERROR: Array
(
    [0] => Array
        (
            [field] => partners_ids
            [is_additional_attribute] => 
            [message] => Partners is required
        )

)

-------------------------------------------------------------------------------------------------------
-------------------------------------------------------------------------------------------------------


Old tariff ID: 82 -> New Internet tariff creating ERROR: Array
(
    [0] => Array
        (
            [field] => partners_ids
            [is_additional_attribute] => 
            [message] => Partners is required
        )

)

-------------------------------------------------------------------------------------------------------
-------------------------------------------------------------------------------------------------------


Old tariff ID: 83 -> New Internet tariff creating ERROR: Array
(
    [0] => Array
        (
            [field] => partners_ids
            [is_additional_attribute] => 
            [message] => Partners is required
        )

)

-------------------------------------------------------------------------------------------------------
-------------------------------------------------------------------------------------------------------


Old tariff ID: 84 -> New Internet tariff creating ERROR: Array
(
    [0] => Array
        (
            [field] => partners_ids
            [is_additional_attribute] => 
            [message] => Partners is required
        )

)

-------------------------------------------------------------------------------------------------------
-------------------------------------------------------------------------------------------------------


Old tariff ID: 85 -> New Internet tariff creating ERROR: Array
(
    [0] => Array
        (
            [field] => partners_ids
            [is_additional_attribute] => 
            [message] => Partners is required
        )

)

-------------------------------------------------------------------------------------------------------
-------------------------------------------------------------------------------------------------------


Old tariff ID: 86 -> New Internet tariff creating ERROR: Array
(
    [0] => Array
        (
            [field] => partners_ids
            [is_additional_attribute] => 
            [message] => Partners is required
        )

)

-------------------------------------------------------------------------------------------------------
-------------------------------------------------------------------------------------------------------


Old tariff ID: 87 -> New Internet tariff creating ERROR: Array
(
    [0] => Array
        (
            [field] => partners_ids
            [is_additional_attribute] => 
            [message] => Partners is required
        )

)

-------------------------------------------------------------------------------------------------------
-------------------------------------------------------------------------------------------------------


Old tariff ID: 88 -> New Internet tariff creating ERROR: Array
(
    [0] => Array
        (
            [field] => partners_ids
            [is_additional_attribute] => 
            [message] => Partners is required
        )

)

-------------------------------------------------------------------------------------------------------
-------------------------------------------------------------------------------------------------------


Old tariff ID: 90 -> New Internet tariff creating ERROR: Array
(
    [0] => Array
        (
            [field] => partners_ids
            [is_additional_attribute] => 
            [message] => Partners is required
        )

)

-------------------------------------------------------------------------------------------------------
-------------------------------------------------------------------------------------------------------


Old tariff ID: 91 -> New Internet tariff creating ERROR: Array
(
    [0] => Array
        (
            [field] => partners_ids
            [is_additional_attribute] => 
            [message] => Partners is required
        )

)

-------------------------------------------------------------------------------------------------------
-------------------------------------------------------------------------------------------------------


Old tariff ID: 92 -> New Internet tariff creating ERROR: Array
(
    [0] => Array
        (
            [field] => partners_ids
            [is_additional_attribute] => 
            [message] => Partners is required
        )

)

-------------------------------------------------------------------------------------------------------
-------------------------------------------------------------------------------------------------------


Old tariff ID: 93 -> New Internet tariff creating ERROR: Array
(
    [0] => Array
        (
            [field] => partners_ids
            [is_additional_attribute] => 
            [message] => Partners is required
        )

)

-------------------------------------------------------------------------------------------------------
-------------------------------------------------------------------------------------------------------


Old tariff ID: 94 -> New Internet tariff creating ERROR: Array
(
    [0] => Array
        (
            [field] => partners_ids
            [is_additional_attribute] => 
            [message] => Partners is required
        )

)

-------------------------------------------------------------------------------------------------------
-------------------------------------------------------------------------------------------------------


Old tariff ID: 95 -> New Internet tariff creating ERROR: Array
(
    [0] => Array
        (
            [field] => partners_ids
            [is_additional_attribute] => 
            [message] => Partners is required
        )

)

-------------------------------------------------------------------------------------------------------
-------------------------------------------------------------------------------------------------------


Old tariff ID: 96 -> New Internet tariff creating ERROR: Array
(
    [0] => Array
        (
            [field] => partners_ids
            [is_additional_attribute] => 
            [message] => Partners is required
        )

)

-------------------------------------------------------------------------------------------------------
-------------------------------------------------------------------------------------------------------


Old tariff ID: 97 -> New Internet tariff creating ERROR: Array
(
    [0] => Array
        (
            [field] => partners_ids
            [is_additional_attribute] => 
            [message] => Partners is required
        )

)

-------------------------------------------------------------------------------------------------------
-------------------------------------------------------------------------------------------------------


Old tariff ID: 98 -> New Internet tariff creating ERROR: Array
(
    [0] => Array
        (
            [field] => partners_ids
            [is_additional_attribute] => 
            [message] => Partners is required
        )

)

-------------------------------------------------------------------------------------------------------
-------------------------------------------------------------------------------------------------------


Old tariff ID: 99 -> New Internet tariff creating ERROR: Array
(
    [0] => Array
        (
            [field] => partners_ids
            [is_additional_attribute] => 
            [message] => Partners is required
        )

)

-------------------------------------------------------------------------------------------------------
-------------------------------------------------------------------------------------------------------


Old tariff ID: 100 -> New Internet tariff creating ERROR: Array
(
    [0] => Array
        (
            [field] => partners_ids
            [is_additional_attribute] => 
            [message] => Partners is required
        )

)

-------------------------------------------------------------------------------------------------------
-------------------------------------------------------------------------------------------------------


Old tariff ID: 101 -> New Internet tariff creating ERROR: Array
(
    [0] => Array
        (
            [field] => partners_ids
            [is_additional_attribute] => 
            [message] => Partners is required
        )

)

-------------------------------------------------------------------------------------------------------
-------------------------------------------------------------------------------------------------------


Old tariff ID: 102 -> New Internet tariff creating ERROR: Array
(
    [0] => Array
        (
            [field] => partners_ids
            [is_additional_attribute] => 
            [message] => Partners is required
        )

)

-------------------------------------------------------------------------------------------------------
-------------------------------------------------------------------------------------------------------


Old tariff ID: 103 -> New Internet tariff creating ERROR: Array
(
    [0] => Array
        (
            [field] => partners_ids
            [is_additional_attribute] => 
            [message] => Partners is required
        )

)

-------------------------------------------------------------------------------------------------------
-------------------------------------------------------------------------------------------------------


Old tariff ID: 104 -> New Internet tariff creating ERROR: Array
(
    [0] => Array
        (
            [field] => partners_ids
            [is_additional_attribute] => 
            [message] => Partners is required
        )

)

-------------------------------------------------------------------------------------------------------
-------------------------------------------------------------------------------------------------------


Old tariff ID: 105 -> New Internet tariff creating ERROR: Array
(
    [0] => Array
        (
            [field] => partners_ids
            [is_additional_attribute] => 
            [message] => Partners is required
        )

)

-------------------------------------------------------------------------------------------------------
-------------------------------------------------------------------------------------------------------


Old tariff ID: 106 -> New Internet tariff creating ERROR: Array
(
    [0] => Array
        (
            [field] => partners_ids
            [is_additional_attribute] => 
            [message] => Partners is required
        )

)

-------------------------------------------------------------------------------------------------------
-------------------------------------------------------------------------------------------------------


Old tariff ID: 107 -> New Internet tariff creating ERROR: Array
(
    [0] => Array
        (
            [field] => partners_ids
            [is_additional_attribute] => 
            [message] => Partners is required
        )

)

-------------------------------------------------------------------------------------------------------
-------------------------------------------------------------------------------------------------------


Old tariff ID: 108 -> New Internet tariff creating ERROR: Array
(
    [0] => Array
        (
            [field] => partners_ids
            [is_additional_attribute] => 
            [message] => Partners is required
        )

)

-------------------------------------------------------------------------------------------------------
-------------------------------------------------------------------------------------------------------


Old tariff ID: 109 -> New Internet tariff creating ERROR: Array
(
    [0] => Array
        (
            [field] => partners_ids
            [is_additional_attribute] => 
            [message] => Partners is required
        )

)

-------------------------------------------------------------------------------------------------------
-------------------------------------------------------------------------------------------------------


Old tariff ID: 110 -> New Internet tariff creating ERROR: Array
(
    [0] => Array
        (
            [field] => partners_ids
            [is_additional_attribute] => 
            [message] => Partners is required
        )

)

-------------------------------------------------------------------------------------------------------
-------------------------------------------------------------------------------------------------------


Old tariff ID: 111 -> New Internet tariff creating ERROR: Array
(
    [0] => Array
        (
            [field] => partners_ids
            [is_additional_attribute] => 
            [message] => Partners is required
        )

)

-------------------------------------------------------------------------------------------------------
-------------------------------------------------------------------------------------------------------


Old tariff ID: 112 -> New Internet tariff creating ERROR: Array
(
    [0] => Array
        (
            [field] => partners_ids
            [is_additional_attribute] => 
            [message] => Partners is required
        )

)

-------------------------------------------------------------------------------------------------------
-------------------------------------------------------------------------------------------------------


Old tariff ID: 113 -> New Internet tariff creating ERROR: Array
(
    [0] => Array
        (
            [field] => partners_ids
            [is_additional_attribute] => 
            [message] => Partners is required
        )

)

-------------------------------------------------------------------------------------------------------
-------------------------------------------------------------------------------------------------------


Old tariff ID: 114 -> New Internet tariff creating ERROR: Array
(
    [0] => Array
        (
            [field] => partners_ids
            [is_additional_attribute] => 
            [message] => Partners is required
        )

)

-------------------------------------------------------------------------------------------------------
-------------------------------------------------------------------------------------------------------


Old tariff ID: 116 -> New Internet tariff creating ERROR: Array
(
    [0] => Array
        (
            [field] => partners_ids
            [is_additional_attribute] => 
            [message] => Partners is required
        )

)

-------------------------------------------------------------------------------------------------------
-------------------------------------------------------------------------------------------------------


Old tariff ID: 117 -> New Internet tariff creating ERROR: Array
(
    [0] => Array
        (
            [field] => partners_ids
            [is_additional_attribute] => 
            [message] => Partners is required
        )

)

-------------------------------------------------------------------------------------------------------
-------------------------------------------------------------------------------------------------------


Old tariff ID: 118 -> New Internet tariff creating ERROR: Array
(
    [0] => Array
        (
            [field] => partners_ids
            [is_additional_attribute] => 
            [message] => Partners is required
        )

)

-------------------------------------------------------------------------------------------------------
-------------------------------------------------------------------------------------------------------


Old tariff ID: 119 -> New Internet tariff creating ERROR: Array
(
    [0] => Array
        (
            [field] => partners_ids
            [is_additional_attribute] => 
            [message] => Partners is required
        )

)

-------------------------------------------------------------------------------------------------------
-------------------------------------------------------------------------------------------------------


Old tariff ID: 120 -> New Internet tariff creating ERROR: Array
(
    [0] => Array
        (
            [field] => partners_ids
            [is_additional_attribute] => 
            [message] => Partners is required
        )

)

-------------------------------------------------------------------------------------------------------
-------------------------------------------------------------------------------------------------------


Old tariff ID: 121 -> New Internet tariff creating ERROR: Array
(
    [0] => Array
        (
            [field] => partners_ids
            [is_additional_attribute] => 
            [message] => Partners is required
        )

)

-------------------------------------------------------------------------------------------------------
-------------------------------------------------------------------------------------------------------


Old tariff ID: 122 -> New Internet tariff creating ERROR: Array
(
    [0] => Array
        (
            [field] => partners_ids
            [is_additional_attribute] => 
            [message] => Partners is required
        )

)

-------------------------------------------------------------------------------------------------------
-------------------------------------------------------------------------------------------------------


Old tariff ID: 123 -> New Internet tariff creating ERROR: Array
(
    [0] => Array
        (
            [field] => partners_ids
            [is_additional_attribute] => 
            [message] => Partners is required
        )

)

-------------------------------------------------------------------------------------------------------
-------------------------------------------------------------------------------------------------------


Old tariff ID: 124 -> New Internet tariff creating ERROR: Array
(
    [0] => Array
        (
            [field] => partners_ids
            [is_additional_attribute] => 
            [message] => Partners is required
        )

)

-------------------------------------------------------------------------------------------------------
-------------------------------------------------------------------------------------------------------


Old tariff ID: 125 -> New Internet tariff creating ERROR: Array
(
    [0] => Array
        (
            [field] => partners_ids
            [is_additional_attribute] => 
            [message] => Partners is required
        )

)

-------------------------------------------------------------------------------------------------------
-------------------------------------------------------------------------------------------------------


Old tariff ID: 126 -> New Internet tariff creating ERROR: Array
(
    [0] => Array
        (
            [field] => partners_ids
            [is_additional_attribute] => 
            [message] => Partners is required
        )

)

-------------------------------------------------------------------------------------------------------
-------------------------------------------------------------------------------------------------------


Old tariff ID: 127 -> New Internet tariff creating ERROR: Array
(
    [0] => Array
        (
            [field] => partners_ids
            [is_additional_attribute] => 
            [message] => Partners is required
        )

)

-------------------------------------------------------------------------------------------------------
-------------------------------------------------------------------------------------------------------


Old tariff ID: 128 -> New Internet tariff creating ERROR: Array
(
    [0] => Array
        (
            [field] => partners_ids
            [is_additional_attribute] => 
            [message] => Partners is required
        )

)

-------------------------------------------------------------------------------------------------------
-------------------------------------------------------------------------------------------------------


Old tariff ID: 129 -> New Internet tariff creating ERROR: Array
(
    [0] => Array
        (
            [field] => partners_ids
            [is_additional_attribute] => 
            [message] => Partners is required
        )

)

-------------------------------------------------------------------------------------------------------
-------------------------------------------------------------------------------------------------------


Old tariff ID: 130 -> New Internet tariff creating ERROR: Array
(
    [0] => Array
        (
            [field] => partners_ids
            [is_additional_attribute] => 
            [message] => Partners is required
        )

)

-------------------------------------------------------------------------------------------------------
-------------------------------------------------------------------------------------------------------


Old tariff ID: 131 -> New Internet tariff created: 153 
-------------------------------------------------------------------------------------------------------
Old servise ID: 1151 -> New internet service created: ID  
-------------------------------------------------------------------------------------------------------


Old tariff ID: 132 -> New Internet tariff created: 154 
-------------------------------------------------------------------------------------------------------
Old servise ID: 704 -> New internet service created: ID  
-------------------------------------------------------------------------------------------------------


Old tariff ID: 133 -> New Internet tariff created: 155 
-------------------------------------------------------------------------------------------------------
Old servise ID: 749 -> New internet service created: ID  
-------------------------------------------------------------------------------------------------------


Old tariff ID: 134 -> New Internet tariff created: 156 
-------------------------------------------------------------------------------------------------------
-------------------------------------------------------------------------------------------------------


Old tariff ID: 135 -> New Internet tariff created: 157 
-------------------------------------------------------------------------------------------------------
Old servise ID: 1193 -> New internet service created: ID  
-------------------------------------------------------------------------------------------------------


Old tariff ID: 136 -> New Internet tariff created: 158 
-------------------------------------------------------------------------------------------------------
Old servise ID: 1207 -> New internet service created: ID  
-------------------------------------------------------------------------------------------------------


Old tariff ID: 137 -> New Internet tariff created: 159 
-------------------------------------------------------------------------------------------------------
Old servise ID: 1245 -> New internet service created: ID  
-------------------------------------------------------------------------------------------------------


